Sun Apr 10 00:23:42 +03 2022
PID: 2749, Depth : 2
181120_uyg2A.ex(2749)-+-181120_uyg2A.ex(2750)
                      |-181120_uyg2A.ex(2780)---181120_uyg2A.ex(2785)
                      `-sh(2795)---pstree(2796)
Sun Apr 10 00:23:52 +03 2022
PID: 2835, Depth : 3
181120_uyg2A.ex(2835)-+-181120_uyg2A.ex(2839)
                      |-181120_uyg2A.ex(2858)---181120_uyg2A.ex(2863)---181120_uyg2A.ex(2865)
                      `-sh(2894)---pstree(2895)
Sun Apr 10 00:28:41 +03 2022
PID: 2927, Depth : 2
181120_uyg2A.ex(2927)-+-181120_uyg2A.ex(2931)
                      |-181120_uyg2A.ex(2961)---181120_uyg2A.ex(2967)
                      `-sh(2976)---pstree(2977)
Sun Apr 10 00:28:57 +03 2022
PID: 3003, Depth : 4
181120_uyg2A.ex(3003)-+-181120_uyg2A.ex(3004)
                      |-181120_uyg2A.ex(3023)---181120_uyg2A.ex(3029)---181120_uyg2A.ex(3030)---181120_uyg2A.ex(3031)
                      `-sh(3033)---pstree(3034)
Sun Apr 10 00:33:49 +03 2022
PID: 3146, Depth : 2
181120_uyg2A.ex(3146)-+-181120_uyg2A.ex(3147)
                      |-181120_uyg2A.ex(3166)---181120_uyg2A.ex(3171)
                      `-sh(3187)---pstree(3188)
